
----------------------------------------------------------------
*      Adaptive Fast Multipole Poisson Boltzmann Solver        *
----------------------------------------------------------------

Problem parameters:
... n_atoms:                                                 906
... n_elements:                                            10468
... n_nodes:                                                5236
... Area:                                            3.34093e+03
... Volume:                                          7.65205e+03
... Kap:                                             1.25714e-01

Solver status:
... GMRES solver tolerance:                          1.03197e-04
... Iteration   0 residual norm:                     4.26403e+00
... Iteration   1 residual norm:                     4.91046e-01
... Iteration   2 residual norm:                     1.27986e-01
... Iteration   3 residual norm:                     2.95178e-02
... Iteration   4 residual norm:                     8.87683e-03
... Iteration   5 residual norm:                     3.37890e-03
... Iteration   6 residual norm:                     1.24270e-03
... Iteration   7 residual norm:                     5.41029e-04
... Iteration   8 residual norm:                     2.29778e-04
... Iteration   9 residual norm:                     9.86365e-05
... GMRES solver has converged

Results:
Total solvation energy:                             -2.36866e+02
... Polar part:                                     -5.21393e+02
... Nonpolar part:                                   2.84526e+02
